Performing C SOURCE FILE Test CMAKE_HAVE_LIBC_PTHREAD failed with the following output:
Change Dir: /home/isro/isro_ws/build_isolated/rtabmap/devel/CMakeFiles/CMakeTmp

Run Build Command(s):/usr/bin/make -f Makefile cmTC_7b846/fast && /usr/bin/make  -f CMakeFiles/cmTC_7b846.dir/build.make CMakeFiles/cmTC_7b846.dir/build
make[1]: Entering directory '/home/isro/isro_ws/build_isolated/rtabmap/devel/CMakeFiles/CMakeTmp'
Building C object CMakeFiles/cmTC_7b846.dir/src.c.o
/usr/bin/cc -DCMAKE_HAVE_LIBC_PTHREAD  -fmessage-length=0  -o CMakeFiles/cmTC_7b846.dir/src.c.o -c /home/isro/isro_ws/build_isolated/rtabmap/devel/CMakeFiles/CMakeTmp/src.c
Linking C executable cmTC_7b846
/opt/cmake-3.24.2/bin/cmake -E cmake_link_script CMakeFiles/cmTC_7b846.dir/link.txt --verbose=1
/usr/bin/cc  -fmessage-length=0  -rdynamic CMakeFiles/cmTC_7b846.dir/src.c.o -o cmTC_7b846 
CMakeFiles/cmTC_7b846.dir/src.c.o: In function `main':
src.c:(.text+0x48): undefined reference to `pthread_create'
src.c:(.text+0x50): undefined reference to `pthread_detach'
src.c:(.text+0x58): undefined reference to `pthread_cancel'
src.c:(.text+0x64): undefined reference to `pthread_join'
src.c:(.text+0x74): undefined reference to `pthread_atfork'
collect2: error: ld returned 1 exit status
CMakeFiles/cmTC_7b846.dir/build.make:98: recipe for target 'cmTC_7b846' failed
make[1]: *** [cmTC_7b846] Error 1
make[1]: Leaving directory '/home/isro/isro_ws/build_isolated/rtabmap/devel/CMakeFiles/CMakeTmp'
Makefile:127: recipe for target 'cmTC_7b846/fast' failed
make: *** [cmTC_7b846/fast] Error 2


Source file was:
#include <pthread.h>

static void* test_func(void* data)
{
  return data;
}

int main(void)
{
  pthread_t thread;
  pthread_create(&thread, NULL, test_func, NULL);
  pthread_detach(thread);
  pthread_cancel(thread);
  pthread_join(thread, NULL);
  pthread_atfork(NULL, NULL, NULL);
  pthread_exit(NULL);

  return 0;
}

Determining if the function pthread_create exists in the pthreads failed with the following output:
Change Dir: /home/isro/isro_ws/build_isolated/rtabmap/devel/CMakeFiles/CMakeTmp

Run Build Command(s):/usr/bin/make -f Makefile cmTC_64502/fast && /usr/bin/make  -f CMakeFiles/cmTC_64502.dir/build.make CMakeFiles/cmTC_64502.dir/build
make[1]: Entering directory '/home/isro/isro_ws/build_isolated/rtabmap/devel/CMakeFiles/CMakeTmp'
Building C object CMakeFiles/cmTC_64502.dir/CheckFunctionExists.c.o
/usr/bin/cc   -fmessage-length=0 -DCHECK_FUNCTION_EXISTS=pthread_create -o CMakeFiles/cmTC_64502.dir/CheckFunctionExists.c.o -c /opt/cmake-3.24.2/share/cmake-3.24/Modules/CheckFunctionExists.c
Linking C executable cmTC_64502
/opt/cmake-3.24.2/bin/cmake -E cmake_link_script CMakeFiles/cmTC_64502.dir/link.txt --verbose=1
/usr/bin/cc  -fmessage-length=0 -DCHECK_FUNCTION_EXISTS=pthread_create -rdynamic CMakeFiles/cmTC_64502.dir/CheckFunctionExists.c.o -o cmTC_64502  -lpthreads 
/usr/bin/ld: cannot find -lpthreads
collect2: error: ld returned 1 exit status
CMakeFiles/cmTC_64502.dir/build.make:98: recipe for target 'cmTC_64502' failed
make[1]: *** [cmTC_64502] Error 1
make[1]: Leaving directory '/home/isro/isro_ws/build_isolated/rtabmap/devel/CMakeFiles/CMakeTmp'
Makefile:127: recipe for target 'cmTC_64502/fast' failed
make: *** [cmTC_64502/fast] Error 2



Determining if the function sgemm_ exists failed with the following output:
Change Dir: /home/isro/isro_ws/build_isolated/rtabmap/devel/CMakeFiles/CMakeTmp

Run Build Command(s):/usr/bin/make -f Makefile cmTC_ea570/fast && /usr/bin/make  -f CMakeFiles/cmTC_ea570.dir/build.make CMakeFiles/cmTC_ea570.dir/build
make[1]: Entering directory '/home/isro/isro_ws/build_isolated/rtabmap/devel/CMakeFiles/CMakeTmp'
Building C object CMakeFiles/cmTC_ea570.dir/CheckFunctionExists.c.o
/usr/bin/cc   -fmessage-length=0  -fopenmp -DCHECK_FUNCTION_EXISTS=sgemm_ -o CMakeFiles/cmTC_ea570.dir/CheckFunctionExists.c.o -c /opt/cmake-3.24.2/share/cmake-3.24/Modules/CheckFunctionExists.c
Linking C executable cmTC_ea570
/opt/cmake-3.24.2/bin/cmake -E cmake_link_script CMakeFiles/cmTC_ea570.dir/link.txt --verbose=1
/usr/bin/cc  -fmessage-length=0  -fopenmp -DCHECK_FUNCTION_EXISTS=sgemm_ -rdynamic CMakeFiles/cmTC_ea570.dir/CheckFunctionExists.c.o -o cmTC_ea570 
CMakeFiles/cmTC_ea570.dir/CheckFunctionExists.c.o: In function `main':
CheckFunctionExists.c:(.text+0x10): undefined reference to `sgemm_'
collect2: error: ld returned 1 exit status
CMakeFiles/cmTC_ea570.dir/build.make:98: recipe for target 'cmTC_ea570' failed
make[1]: *** [cmTC_ea570] Error 1
make[1]: Leaving directory '/home/isro/isro_ws/build_isolated/rtabmap/devel/CMakeFiles/CMakeTmp'
Makefile:127: recipe for target 'cmTC_ea570/fast' failed
make: *** [cmTC_ea570/fast] Error 2



Determining if the function cheev_ exists failed with the following output:
Change Dir: /home/isro/isro_ws/build_isolated/rtabmap/devel/CMakeFiles/CMakeTmp

Run Build Command(s):/usr/bin/make -f Makefile cmTC_fcc6a/fast && /usr/bin/make  -f CMakeFiles/cmTC_fcc6a.dir/build.make CMakeFiles/cmTC_fcc6a.dir/build
make[1]: Entering directory '/home/isro/isro_ws/build_isolated/rtabmap/devel/CMakeFiles/CMakeTmp'
Building C object CMakeFiles/cmTC_fcc6a.dir/CheckFunctionExists.c.o
/usr/bin/cc   -fmessage-length=0  -fopenmp -DCHECK_FUNCTION_EXISTS=cheev_ -o CMakeFiles/cmTC_fcc6a.dir/CheckFunctionExists.c.o -c /opt/cmake-3.24.2/share/cmake-3.24/Modules/CheckFunctionExists.c
Linking C executable cmTC_fcc6a
/opt/cmake-3.24.2/bin/cmake -E cmake_link_script CMakeFiles/cmTC_fcc6a.dir/link.txt --verbose=1
/usr/bin/cc  -fmessage-length=0  -fopenmp -DCHECK_FUNCTION_EXISTS=cheev_ -rdynamic CMakeFiles/cmTC_fcc6a.dir/CheckFunctionExists.c.o -o cmTC_fcc6a  /usr/lib/aarch64-linux-gnu/libblas.so /usr/lib/aarch64-linux-gnu/libf77blas.so /usr/lib/aarch64-linux-gnu/libatlas.so -lpthread -lm -ldl 
CMakeFiles/cmTC_fcc6a.dir/CheckFunctionExists.c.o: In function `main':
CheckFunctionExists.c:(.text+0x10): undefined reference to `cheev_'
collect2: error: ld returned 1 exit status
CMakeFiles/cmTC_fcc6a.dir/build.make:101: recipe for target 'cmTC_fcc6a' failed
make[1]: *** [cmTC_fcc6a] Error 1
make[1]: Leaving directory '/home/isro/isro_ws/build_isolated/rtabmap/devel/CMakeFiles/CMakeTmp'
Makefile:127: recipe for target 'cmTC_fcc6a/fast' failed
make: *** [cmTC_fcc6a/fast] Error 2



